[2022-03-06 16:19:57] laravel.EMERGENCY: Unable to create configured logger. Using emergency logger. {"exception":"[object] (InvalidArgumentException(code: 0): Log [CoderSyntaxError] is not defined. at D:\\project\\sufiglobal_web_app\\vendor\\laravel\\framework\\src\\Illuminate\\Log\\LogManager.php:168)
[stacktrace]
#0 D:\\project\\sufiglobal_web_app\\vendor\\laravel\\framework\\src\\Illuminate\\Log\\LogManager.php(102): Illuminate\\Log\\LogManager->resolve('CoderSyntaxErro...')
#1 D:\\project\\sufiglobal_web_app\\vendor\\laravel\\framework\\src\\Illuminate\\Log\\LogManager.php(90): Illuminate\\Log\\LogManager->get('CoderSyntaxErro...')
#2 D:\\project\\sufiglobal_web_app\\vendor\\laravel\\framework\\src\\Illuminate\\Log\\LogManager.php(79): Illuminate\\Log\\LogManager->driver('CoderSyntaxErro...')
#3 D:\\project\\sufiglobal_web_app\\vendor\\laravel\\framework\\src\\Illuminate\\Support\\Facades\\Facade.php(239): Illuminate\\Log\\LogManager->channel('CoderSyntaxErro...')
#4 D:\\project\\sufiglobal_web_app\\app\\Services\\LogTracker.php(21): Illuminate\\Support\\Facades\\Facade::__callStatic('channel', Array)
#5 D:\\project\\sufiglobal_web_app\\app\\Http\\Controllers\\Admin\\ProductController.php(226): App\\Services\\LogTracker::failLog(Object(Illuminate\\Database\\QueryException), Object(App\\Models\\Admin))
#6 [internal function]: App\\Http\\Controllers\\Admin\\ProductController->updateBasicInformation(Object(App\\Http\\Requests\\Product\\UpdateRequest), '776')
#7 D:\\project\\sufiglobal_web_app\\vendor\\laravel\\framework\\src\\Illuminate\\Routing\\Controller.php(54): call_user_func_array(Array, Array)
#8 D:\\project\\sufiglobal_web_app\\vendor\\laravel\\framework\\src\\Illuminate\\Routing\\ControllerDispatcher.php(45): Illuminate\\Routing\\Controller->callAction('updateBasicInfo...', Array)
#9 D:\\project\\sufiglobal_web_app\\vendor\\laravel\\framework\\src\\Illuminate\\Routing\\Route.php(219): Illuminate\\Routing\\ControllerDispatcher->dispatch(Object(Illuminate\\Routing\\Route), Object(App\\Http\\Controllers\\Admin\\ProductController), 'updateBasicInfo...')
#10 D:\\project\\sufiglobal_web_app\\vendor\\laravel\\framework\\src\\Illuminate\\Routing\\Route.php(176): Illuminate\\Routing\\Route->runController()
#11 D:\\project\\sufiglobal_web_app\\vendor\\laravel\\framework\\src\\Illuminate\\Routing\\Router.php(680): Illuminate\\Routing\\Route->run()
#12 D:\\project\\sufiglobal_web_app\\vendor\\laravel\\framework\\src\\Illuminate\\Routing\\Pipeline.php(30): Illuminate\\Routing\\Router->Illuminate\\Routing\\{closure}(Object(Illuminate\\Http\\Request))
#13 D:\\project\\sufiglobal_web_app\\app\\Http\\Middleware\\Admin.php(27): Illuminate\\Routing\\Pipeline->Illuminate\\Routing\\{closure}(Object(Illuminate\\Http\\Request))
#14 D:\\project\\sufiglobal_web_app\\vendor\\laravel\\framework\\src\\Illuminate\\Pipeline\\Pipeline.php(163): App\\Http\\Middleware\\Admin->handle(Object(Illuminate\\Http\\Request), Object(Closure))
#15 D:\\project\\sufiglobal_web_app\\vendor\\laravel\\framework\\src\\Illuminate\\Routing\\Pipeline.php(53): Illuminate\\Pipeline\\Pipeline->Illuminate\\Pipeline\\{closure}(Object(Illuminate\\Http\\Request))
#16 D:\\project\\sufiglobal_web_app\\vendor\\laravel\\framework\\src\\Illuminate\\Routing\\Middleware\\SubstituteBindings.php(41): Illuminate\\Routing\\Pipeline->Illuminate\\Routing\\{closure}(Object(Illuminate\\Http\\Request))
#17 D:\\project\\sufiglobal_web_app\\vendor\\laravel\\framework\\src\\Illuminate\\Pipeline\\Pipeline.php(163): Illuminate\\Routing\\Middleware\\SubstituteBindings->handle(Object(Illuminate\\Http\\Request), Object(Closure))
#18 D:\\project\\sufiglobal_web_app\\vendor\\laravel\\framework\\src\\Illuminate\\Routing\\Pipeline.php(53): Illuminate\\Pipeline\\Pipeline->Illuminate\\Pipeline\\{closure}(Object(Illuminate\\Http\\Request))
#19 D:\\project\\sufiglobal_web_app\\vendor\\laravel\\framework\\src\\Illuminate\\Foundation\\Http\\Middleware\\VerifyCsrfToken.php(75): Illuminate\\Routing\\Pipeline->Illuminate\\Routing\\{closure}(Object(Illuminate\\Http\\Request))
#20 D:\\project\\sufiglobal_web_app\\vendor\\laravel\\framework\\src\\Illuminate\\Pipeline\\Pipeline.php(163): Illuminate\\Foundation\\Http\\Middleware\\VerifyCsrfToken->handle(Object(Illuminate\\Http\\Request), Object(Closure))
#21 D:\\project\\sufiglobal_web_app\\vendor\\laravel\\framework\\src\\Illuminate\\Routing\\Pipeline.php(53): Illuminate\\Pipeline\\Pipeline->Illuminate\\Pipeline\\{closure}(Object(Illuminate\\Http\\Request))
#22 D:\\project\\sufiglobal_web_app\\vendor\\laravel\\framework\\src\\Illuminate\\View\\Middleware\\ShareErrorsFromSession.php(49): Illuminate\\Routing\\Pipeline->Illuminate\\Routing\\{closure}(Object(Illuminate\\Http\\Request))
#23 D:\\project\\sufiglobal_web_app\\vendor\\laravel\\framework\\src\\Illuminate\\Pipeline\\Pipeline.php(163): Illuminate\\View\\Middleware\\ShareErrorsFromSession->handle(Object(Illuminate\\Http\\Request), Object(Closure))
#24 D:\\project\\sufiglobal_web_app\\vendor\\laravel\\framework\\src\\Illuminate\\Routing\\Pipeline.php(53): Illuminate\\Pipeline\\Pipeline->Illuminate\\Pipeline\\{closure}(Object(Illuminate\\Http\\Request))
#25 D:\\project\\sufiglobal_web_app\\vendor\\laravel\\framework\\src\\Illuminate\\Session\\Middleware\\StartSession.php(56): Illuminate\\Routing\\Pipeline->Illuminate\\Routing\\{closure}(Object(Illuminate\\Http\\Request))
#26 D:\\project\\sufiglobal_web_app\\vendor\\laravel\\framework\\src\\Illuminate\\Pipeline\\Pipeline.php(163): Illuminate\\Session\\Middleware\\StartSession->handle(Object(Illuminate\\Http\\Request), Object(Closure))
#27 D:\\project\\sufiglobal_web_app\\vendor\\laravel\\framework\\src\\Illuminate\\Routing\\Pipeline.php(53): Illuminate\\Pipeline\\Pipeline->Illuminate\\Pipeline\\{closure}(Object(Illuminate\\Http\\Request))
#28 D:\\project\\sufiglobal_web_app\\vendor\\laravel\\framework\\src\\Illuminate\\Cookie\\Middleware\\AddQueuedCookiesToResponse.php(37): Illuminate\\Routing\\Pipeline->Illuminate\\Routing\\{closure}(Object(Illuminate\\Http\\Request))
#29 D:\\project\\sufiglobal_web_app\\vendor\\laravel\\framework\\src\\Illuminate\\Pipeline\\Pipeline.php(163): Illuminate\\Cookie\\Middleware\\AddQueuedCookiesToResponse->handle(Object(Illuminate\\Http\\Request), Object(Closure))
#30 D:\\project\\sufiglobal_web_app\\vendor\\laravel\\framework\\src\\Illuminate\\Routing\\Pipeline.php(53): Illuminate\\Pipeline\\Pipeline->Illuminate\\Pipeline\\{closure}(Object(Illuminate\\Http\\Request))
#31 D:\\project\\sufiglobal_web_app\\vendor\\laravel\\framework\\src\\Illuminate\\Cookie\\Middleware\\EncryptCookies.php(66): Illuminate\\Routing\\Pipeline->Illuminate\\Routing\\{closure}(Object(Illuminate\\Http\\Request))
#32 D:\\project\\sufiglobal_web_app\\vendor\\laravel\\framework\\src\\Illuminate\\Pipeline\\Pipeline.php(163): Illuminate\\Cookie\\Middleware\\EncryptCookies->handle(Object(Illuminate\\Http\\Request), Object(Closure))
#33 D:\\project\\sufiglobal_web_app\\vendor\\laravel\\framework\\src\\Illuminate\\Routing\\Pipeline.php(53): Illuminate\\Pipeline\\Pipeline->Illuminate\\Pipeline\\{closure}(Object(Illuminate\\Http\\Request))
#34 D:\\project\\sufiglobal_web_app\\vendor\\laravel\\framework\\src\\Illuminate\\Pipeline\\Pipeline.php(104): Illuminate\\Routing\\Pipeline->Illuminate\\Routing\\{closure}(Object(Illuminate\\Http\\Request))
#35 D:\\project\\sufiglobal_web_app\\vendor\\laravel\\framework\\src\\Illuminate\\Routing\\Router.php(682): Illuminate\\Pipeline\\Pipeline->then(Object(Closure))
#36 D:\\project\\sufiglobal_web_app\\vendor\\laravel\\framework\\src\\Illuminate\\Routing\\Router.php(657): Illuminate\\Routing\\Router->runRouteWithinStack(Object(Illuminate\\Routing\\Route), Object(Illuminate\\Http\\Request))
#37 D:\\project\\sufiglobal_web_app\\vendor\\laravel\\framework\\src\\Illuminate\\Routing\\Router.php(623): Illuminate\\Routing\\Router->runRoute(Object(Illuminate\\Http\\Request), Object(Illuminate\\Routing\\Route))
#38 D:\\project\\sufiglobal_web_app\\vendor\\laravel\\framework\\src\\Illuminate\\Routing\\Router.php(612): Illuminate\\Routing\\Router->dispatchToRoute(Object(Illuminate\\Http\\Request))
#39 D:\\project\\sufiglobal_web_app\\vendor\\laravel\\framework\\src\\Illuminate\\Foundation\\Http\\Kernel.php(176): Illuminate\\Routing\\Router->dispatch(Object(Illuminate\\Http\\Request))
#40 D:\\project\\sufiglobal_web_app\\vendor\\laravel\\framework\\src\\Illuminate\\Routing\\Pipeline.php(30): Illuminate\\Foundation\\Http\\Kernel->Illuminate\\Foundation\\Http\\{closure}(Object(Illuminate\\Http\\Request))
#41 D:\\project\\sufiglobal_web_app\\vendor\\laravel\\framework\\src\\Illuminate\\Foundation\\Http\\Middleware\\TransformsRequest.php(21): Illuminate\\Routing\\Pipeline->Illuminate\\Routing\\{closure}(Object(Illuminate\\Http\\Request))
#42 D:\\project\\sufiglobal_web_app\\vendor\\laravel\\framework\\src\\Illuminate\\Pipeline\\Pipeline.php(163): Illuminate\\Foundation\\Http\\Middleware\\TransformsRequest->handle(Object(Illuminate\\Http\\Request), Object(Closure))
#43 D:\\project\\sufiglobal_web_app\\vendor\\laravel\\framework\\src\\Illuminate\\Routing\\Pipeline.php(53): Illuminate\\Pipeline\\Pipeline->Illuminate\\Pipeline\\{closure}(Object(Illuminate\\Http\\Request))
#44 D:\\project\\sufiglobal_web_app\\vendor\\laravel\\framework\\src\\Illuminate\\Foundation\\Http\\Middleware\\TransformsRequest.php(21): Illuminate\\Routing\\Pipeline->Illuminate\\Routing\\{closure}(Object(Illuminate\\Http\\Request))
#45 D:\\project\\sufiglobal_web_app\\vendor\\laravel\\framework\\src\\Illuminate\\Pipeline\\Pipeline.php(163): Illuminate\\Foundation\\Http\\Middleware\\TransformsRequest->handle(Object(Illuminate\\Http\\Request), Object(Closure))
#46 D:\\project\\sufiglobal_web_app\\vendor\\laravel\\framework\\src\\Illuminate\\Routing\\Pipeline.php(53): Illuminate\\Pipeline\\Pipeline->Illuminate\\Pipeline\\{closure}(Object(Illuminate\\Http\\Request))
#47 D:\\project\\sufiglobal_web_app\\vendor\\laravel\\framework\\src\\Illuminate\\Foundation\\Http\\Middleware\\ValidatePostSize.php(27): Illuminate\\Routing\\Pipeline->Illuminate\\Routing\\{closure}(Object(Illuminate\\Http\\Request))
#48 D:\\project\\sufiglobal_web_app\\vendor\\laravel\\framework\\src\\Illuminate\\Pipeline\\Pipeline.php(163): Illuminate\\Foundation\\Http\\Middleware\\ValidatePostSize->handle(Object(Illuminate\\Http\\Request), Object(Closure))
#49 D:\\project\\sufiglobal_web_app\\vendor\\laravel\\framework\\src\\Illuminate\\Routing\\Pipeline.php(53): Illuminate\\Pipeline\\Pipeline->Illuminate\\Pipeline\\{closure}(Object(Illuminate\\Http\\Request))
#50 D:\\project\\sufiglobal_web_app\\vendor\\laravel\\framework\\src\\Illuminate\\Foundation\\Http\\Middleware\\CheckForMaintenanceMode.php(62): Illuminate\\Routing\\Pipeline->Illuminate\\Routing\\{closure}(Object(Illuminate\\Http\\Request))
#51 D:\\project\\sufiglobal_web_app\\vendor\\laravel\\framework\\src\\Illuminate\\Pipeline\\Pipeline.php(163): Illuminate\\Foundation\\Http\\Middleware\\CheckForMaintenanceMode->handle(Object(Illuminate\\Http\\Request), Object(Closure))
#52 D:\\project\\sufiglobal_web_app\\vendor\\laravel\\framework\\src\\Illuminate\\Routing\\Pipeline.php(53): Illuminate\\Pipeline\\Pipeline->Illuminate\\Pipeline\\{closure}(Object(Illuminate\\Http\\Request))
#53 D:\\project\\sufiglobal_web_app\\vendor\\fideloper\\proxy\\src\\TrustProxies.php(57): Illuminate\\Routing\\Pipeline->Illuminate\\Routing\\{closure}(Object(Illuminate\\Http\\Request))
#54 D:\\project\\sufiglobal_web_app\\vendor\\laravel\\framework\\src\\Illuminate\\Pipeline\\Pipeline.php(163): Fideloper\\Proxy\\TrustProxies->handle(Object(Illuminate\\Http\\Request), Object(Closure))
#55 D:\\project\\sufiglobal_web_app\\vendor\\laravel\\framework\\src\\Illuminate\\Routing\\Pipeline.php(53): Illuminate\\Pipeline\\Pipeline->Illuminate\\Pipeline\\{closure}(Object(Illuminate\\Http\\Request))
#56 D:\\project\\sufiglobal_web_app\\vendor\\fruitcake\\laravel-cors\\src\\HandleCors.php(37): Illuminate\\Routing\\Pipeline->Illuminate\\Routing\\{closure}(Object(Illuminate\\Http\\Request))
#57 D:\\project\\sufiglobal_web_app\\vendor\\laravel\\framework\\src\\Illuminate\\Pipeline\\Pipeline.php(163): Fruitcake\\Cors\\HandleCors->handle(Object(Illuminate\\Http\\Request), Object(Closure))
#58 D:\\project\\sufiglobal_web_app\\vendor\\laravel\\framework\\src\\Illuminate\\Routing\\Pipeline.php(53): Illuminate\\Pipeline\\Pipeline->Illuminate\\Pipeline\\{closure}(Object(Illuminate\\Http\\Request))
#59 D:\\project\\sufiglobal_web_app\\vendor\\laravel\\framework\\src\\Illuminate\\Pipeline\\Pipeline.php(104): Illuminate\\Routing\\Pipeline->Illuminate\\Routing\\{closure}(Object(Illuminate\\Http\\Request))
#60 D:\\project\\sufiglobal_web_app\\vendor\\laravel\\framework\\src\\Illuminate\\Foundation\\Http\\Kernel.php(151): Illuminate\\Pipeline\\Pipeline->then(Object(Closure))
#61 D:\\project\\sufiglobal_web_app\\vendor\\laravel\\framework\\src\\Illuminate\\Foundation\\Http\\Kernel.php(116): Illuminate\\Foundation\\Http\\Kernel->sendRequestThroughRouter(Object(Illuminate\\Http\\Request))
#62 D:\\project\\sufiglobal_web_app\\public\\index.php(52): Illuminate\\Foundation\\Http\\Kernel->handle(Object(Illuminate\\Http\\Request))
#63 D:\\project\\sufiglobal_web_app\\server.php(21): require_once('D:\\\\project\\\\sufi...')
#64 {main}
"} 
[2022-03-06 16:19:57] laravel.INFO: {"error":"SQLSTATE[42S22]: Column not found: 1054 Unknown column 'specification' in 'field list' (SQL: update `products` set `name` = Exclusive Koti \/ Waiscoats, `sub_sub_category_id` = ?, `sale_price` = 1990, `discount` = 200, `specification` = ?, `video_url` = ?, `seo_title` = ?, `seo_description` = ?, `products`.`updated_at` = 2022-03-06 16:19:57 where `id` = 776)","code":"42S22","url":"http:\/\/127.0.0.1:8000\/api\/update\/product\/basicInformation\/776","ip":"127.0.0.1","user":{"id":54,"name":"sufi","image":"images\/admin\/LYkrzKmhV7UNvP4uEMgRDkWYXhnlO2Ixxrugogyl.png","email":"s@admin.com","password":"$2y$10$\/3BPsXwWANWgyMSH1rNXv.zEwW017\/vwoNDadA.s6f.7zv9Gydp3e","remember_token":"","status":1,"last_login_time":"2022-03-06T05:10:29.623127Z","last_logout_time":"2021-09-03 11:54:30","created_at":"2020-11-07 16:42:19","updated_at":"2022-03-06 11:10:29","permissions":[{"id":1,"name":"View Role","guard_name":"admin","created_at":"2020-10-29 07:32:38","updated_at":"2020-10-29 07:32:38","pivot":{"model_id":54,"permission_id":1,"model_type":"App\\Models\\Admin"}},{"id":2,"name":"Add Role","guard_name":"admin","created_at":"2020-10-29 07:32:38","updated_at":"2020-10-29 07:32:38","pivot":{"model_id":54,"permission_id":2,"model_type":"App\\Models\\Admin"}},{"id":6,"name":"create order","guard_name":"admin","created_at":"2020-11-03 10:20:04","updated_at":"2020-11-03 10:20:04","pivot":{"model_id":54,"permission_id":6,"model_type":"App\\Models\\Admin"}},{"id":5,"name":"view dashboard","guard_name":"admin","created_at":"2020-11-03 10:20:04","updated_at":"2020-11-03 10:20:04","pivot":{"model_id":54,"permission_id":5,"model_type":"App\\Models\\Admin"}},{"id":37,"name":"manage carieer","guard_name":"admin","created_at":"2020-11-03 10:59:01","updated_at":"2020-11-03 10:59:01","pivot":{"model_id":54,"permission_id":37,"model_type":"App\\Models\\Admin"}},{"id":33,"name":"manage customers","guard_name":"admin","created_at":"2020-11-03 10:20:05","updated_at":"2020-11-03 10:20:05","pivot":{"model_id":54,"permission_id":33,"model_type":"App\\Models\\Admin"}},{"id":27,"name":"create and manage slider","guard_name":"admin","created_at":"2020-11-03 10:20:04","updated_at":"2020-11-03 10:20:04","pivot":{"model_id":54,"permission_id":27,"model_type":"App\\Models\\Admin"}},{"id":23,"name":"create attribute","guard_name":"admin","created_at":"2020-11-03 10:20:04","updated_at":"2020-11-03 10:20:04","pivot":{"model_id":54,"permission_id":23,"model_type":"App\\Models\\Admin"}},{"id":19,"name":"edit credit","guard_name":"admin","created_at":"2020-11-03 10:20:04","updated_at":"2020-11-03 10:20:04","pivot":{"model_id":54,"permission_id":19,"model_type":"App\\Models\\Admin"}},{"id":20,"name":"create debit","guard_name":"admin","created_at":"2020-11-03 10:20:04","updated_at":"2020-11-03 10:20:04","pivot":{"model_id":54,"permission_id":20,"model_type":"App\\Models\\Admin"}},{"id":24,"name":"manage attribute","guard_name":"admin","created_at":"2020-11-03 10:20:04","updated_at":"2020-11-03 10:20:04","pivot":{"model_id":54,"permission_id":24,"model_type":"App\\Models\\Admin"}},{"id":28,"name":"create and manage merchant","guard_name":"admin","created_at":"2020-11-03 10:20:04","updated_at":"2020-11-03 10:20:04","pivot":{"model_id":54,"permission_id":28,"model_type":"App\\Models\\Admin"}},{"id":34,"name":"manage reports","guard_name":"admin","created_at":"2020-11-03 10:20:05","updated_at":"2020-11-03 10:20:05","pivot":{"model_id":54,"permission_id":34,"model_type":"App\\Models\\Admin"}},{"id":38,"name":"manage wholessale","guard_name":"admin","created_at":"2020-11-21 19:04:01","updated_at":"2020-11-21 19:04:01","pivot":{"model_id":54,"permission_id":38,"model_type":"App\\Models\\Admin"}},{"id":35,"name":"manage basic set up","guard_name":"admin","created_at":"2020-11-03 10:20:05","updated_at":"2020-11-03 10:20:05","pivot":{"model_id":54,"permission_id":35,"model_type":"App\\Models\\Admin"}},{"id":31,"name":"manage team","guard_name":"admin","created_at":"2020-11-03 10:20:05","updated_at":"2020-11-03 10:20:05","pivot":{"model_id":54,"permission_id":31,"model_type":"App\\Models\\Admin"}},{"id":29,"name":"create reseller","guard_name":"admin","created_at":"2020-11-03 10:20:04","updated_at":"2020-11-03 10:20:04","pivot":{"model_id":54,"permission_id":29,"model_type":"App\\Models\\Admin"}},{"id":25,"name":"create supplier","guard_name":"admin","created_at":"2020-11-03 10:20:04","updated_at":"2020-11-03 10:20:04","pivot":{"model_id":54,"permission_id":25,"model_type":"App\\Models\\Admin"}},{"id":21,"name":"delete debit","guard_name":"admin","created_at":"2020-11-03 10:20:04","updated_at":"2020-11-03 10:20:04","pivot":{"model_id":54,"permission_id":21,"model_type":"App\\Models\\Admin"}},{"id":26,"name":"manage supplier","guard_name":"admin","created_at":"2020-11-03 10:20:04","updated_at":"2020-11-03 10:20:04","pivot":{"model_id":54,"permission_id":26,"model_type":"App\\Models\\Admin"}},{"id":30,"name":"manage reseller","guard_name":"admin","created_at":"2020-11-03 10:20:05","updated_at":"2020-11-03 10:20:05","pivot":{"model_id":54,"permission_id":30,"model_type":"App\\Models\\Admin"}},{"id":32,"name":"manage users","guard_name":"admin","created_at":"2020-11-03 10:20:05","updated_at":"2020-11-03 10:20:05","pivot":{"model_id":54,"permission_id":32,"model_type":"App\\Models\\Admin"}},{"id":36,"name":"manage admin","guard_name":"admin","created_at":"2020-11-03 10:59:01","updated_at":"2020-11-03 10:59:01","pivot":{"model_id":54,"permission_id":36,"model_type":"App\\Models\\Admin"}},{"id":22,"name":"edit debit","guard_name":"admin","created_at":"2020-11-03 10:20:04","updated_at":"2020-11-03 10:20:04","pivot":{"model_id":54,"permission_id":22,"model_type":"App\\Models\\Admin"}},{"id":18,"name":"delete credit","guard_name":"admin","created_at":"2020-11-03 10:20:04","updated_at":"2020-11-03 10:20:04","pivot":{"model_id":54,"permission_id":18,"model_type":"App\\Models\\Admin"}},{"id":17,"name":"create credit","guard_name":"admin","created_at":"2020-11-03 10:20:04","updated_at":"2020-11-03 10:20:04","pivot":{"model_id":54,"permission_id":17,"model_type":"App\\Models\\Admin"}},{"id":13,"name":"manage product","guard_name":"admin","created_at":"2020-11-03 10:20:04","updated_at":"2020-11-03 10:20:04","pivot":{"model_id":54,"permission_id":13,"model_type":"App\\Models\\Admin"}},{"id":9,"name":"manage Sale","guard_name":"admin","created_at":"2020-11-03 10:20:04","updated_at":"2020-11-03 10:20:04","pivot":{"model_id":54,"permission_id":9,"model_type":"App\\Models\\Admin"}},{"id":8,"name":"create Sale","guard_name":"admin","created_at":"2020-11-03 10:20:04","updated_at":"2020-11-03 10:20:04","pivot":{"model_id":54,"permission_id":8,"model_type":"App\\Models\\Admin"}},{"id":4,"name":"Edit Role","guard_name":"admin","created_at":"2020-10-29 07:32:38","updated_at":"2020-10-29 07:32:38","pivot":{"model_id":54,"permission_id":4,"model_type":"App\\Models\\Admin"}},{"id":3,"name":"Delete Role","guard_name":"admin","created_at":"2020-10-29 07:32:38","updated_at":"2020-10-29 07:32:38","pivot":{"model_id":54,"permission_id":3,"model_type":"App\\Models\\Admin"}},{"id":7,"name":"manage Order","guard_name":"admin","created_at":"2020-11-03 10:20:04","updated_at":"2020-11-03 10:20:04","pivot":{"model_id":54,"permission_id":7,"model_type":"App\\Models\\Admin"}},{"id":12,"name":"create product","guard_name":"admin","created_at":"2020-11-03 10:20:04","updated_at":"2020-11-03 10:20:04","pivot":{"model_id":54,"permission_id":12,"model_type":"App\\Models\\Admin"}},{"id":16,"name":"Manage accounts","guard_name":"admin","created_at":"2020-11-03 10:20:04","updated_at":"2020-11-03 10:20:04","pivot":{"model_id":54,"permission_id":16,"model_type":"App\\Models\\Admin"}},{"id":15,"name":"manage category","guard_name":"admin","created_at":"2020-11-03 10:20:04","updated_at":"2020-11-03 10:20:04","pivot":{"model_id":54,"permission_id":15,"model_type":"App\\Models\\Admin"}},{"id":11,"name":"manage purchase","guard_name":"admin","created_at":"2020-11-03 10:20:04","updated_at":"2020-11-03 10:20:04","pivot":{"model_id":54,"permission_id":11,"model_type":"App\\Models\\Admin"}},{"id":10,"name":"create purchase","guard_name":"admin","created_at":"2020-11-03 10:20:04","updated_at":"2020-11-03 10:20:04","pivot":{"model_id":54,"permission_id":10,"model_type":"App\\Models\\Admin"}},{"id":14,"name":"create category","guard_name":"admin","created_at":"2020-11-03 10:20:04","updated_at":"2020-11-03 10:20:04","pivot":{"model_id":54,"permission_id":14,"model_type":"App\\Models\\Admin"}},{"id":39,"name":"Showroom Controller","guard_name":"admin","created_at":"2021-07-16 01:14:05","updated_at":null,"pivot":{"model_id":54,"permission_id":39,"model_type":"App\\Models\\Admin"}}]}}  
[2022-03-19 11:06:37] laravel.EMERGENCY: Unable to create configured logger. Using emergency logger. {"exception":"[object] (InvalidArgumentException(code: 0): Log [CoderSyntaxError] is not defined. at D:\\project\\glam_touch_web_app\\vendor\\laravel\\framework\\src\\Illuminate\\Log\\LogManager.php:168)
[stacktrace]
#0 D:\\project\\glam_touch_web_app\\vendor\\laravel\\framework\\src\\Illuminate\\Log\\LogManager.php(102): Illuminate\\Log\\LogManager->resolve('CoderSyntaxErro...')
#1 D:\\project\\glam_touch_web_app\\vendor\\laravel\\framework\\src\\Illuminate\\Log\\LogManager.php(90): Illuminate\\Log\\LogManager->get('CoderSyntaxErro...')
#2 D:\\project\\glam_touch_web_app\\vendor\\laravel\\framework\\src\\Illuminate\\Log\\LogManager.php(79): Illuminate\\Log\\LogManager->driver('CoderSyntaxErro...')
#3 D:\\project\\glam_touch_web_app\\vendor\\laravel\\framework\\src\\Illuminate\\Support\\Facades\\Facade.php(239): Illuminate\\Log\\LogManager->channel('CoderSyntaxErro...')
#4 D:\\project\\glam_touch_web_app\\app\\Services\\LogTracker.php(21): Illuminate\\Support\\Facades\\Facade::__callStatic('channel', Array)
#5 D:\\project\\glam_touch_web_app\\app\\Http\\Controllers\\Admin\\ProductController.php(226): App\\Services\\LogTracker::failLog(Object(Illuminate\\Database\\QueryException), Object(App\\Models\\Admin))
#6 [internal function]: App\\Http\\Controllers\\Admin\\ProductController->updateBasicInformation(Object(App\\Http\\Requests\\Product\\UpdateRequest), '14')
#7 D:\\project\\glam_touch_web_app\\vendor\\laravel\\framework\\src\\Illuminate\\Routing\\Controller.php(54): call_user_func_array(Array, Array)
#8 D:\\project\\glam_touch_web_app\\vendor\\laravel\\framework\\src\\Illuminate\\Routing\\ControllerDispatcher.php(45): Illuminate\\Routing\\Controller->callAction('updateBasicInfo...', Array)
#9 D:\\project\\glam_touch_web_app\\vendor\\laravel\\framework\\src\\Illuminate\\Routing\\Route.php(219): Illuminate\\Routing\\ControllerDispatcher->dispatch(Object(Illuminate\\Routing\\Route), Object(App\\Http\\Controllers\\Admin\\ProductController), 'updateBasicInfo...')
#10 D:\\project\\glam_touch_web_app\\vendor\\laravel\\framework\\src\\Illuminate\\Routing\\Route.php(176): Illuminate\\Routing\\Route->runController()
#11 D:\\project\\glam_touch_web_app\\vendor\\laravel\\framework\\src\\Illuminate\\Routing\\Router.php(680): Illuminate\\Routing\\Route->run()
#12 D:\\project\\glam_touch_web_app\\vendor\\laravel\\framework\\src\\Illuminate\\Routing\\Pipeline.php(30): Illuminate\\Routing\\Router->Illuminate\\Routing\\{closure}(Object(Illuminate\\Http\\Request))
#13 D:\\project\\glam_touch_web_app\\app\\Http\\Middleware\\Admin.php(27): Illuminate\\Routing\\Pipeline->Illuminate\\Routing\\{closure}(Object(Illuminate\\Http\\Request))
#14 D:\\project\\glam_touch_web_app\\vendor\\laravel\\framework\\src\\Illuminate\\Pipeline\\Pipeline.php(163): App\\Http\\Middleware\\Admin->handle(Object(Illuminate\\Http\\Request), Object(Closure))
#15 D:\\project\\glam_touch_web_app\\vendor\\laravel\\framework\\src\\Illuminate\\Routing\\Pipeline.php(53): Illuminate\\Pipeline\\Pipeline->Illuminate\\Pipeline\\{closure}(Object(Illuminate\\Http\\Request))
#16 D:\\project\\glam_touch_web_app\\vendor\\laravel\\framework\\src\\Illuminate\\Routing\\Middleware\\SubstituteBindings.php(41): Illuminate\\Routing\\Pipeline->Illuminate\\Routing\\{closure}(Object(Illuminate\\Http\\Request))
#17 D:\\project\\glam_touch_web_app\\vendor\\laravel\\framework\\src\\Illuminate\\Pipeline\\Pipeline.php(163): Illuminate\\Routing\\Middleware\\SubstituteBindings->handle(Object(Illuminate\\Http\\Request), Object(Closure))
#18 D:\\project\\glam_touch_web_app\\vendor\\laravel\\framework\\src\\Illuminate\\Routing\\Pipeline.php(53): Illuminate\\Pipeline\\Pipeline->Illuminate\\Pipeline\\{closure}(Object(Illuminate\\Http\\Request))
#19 D:\\project\\glam_touch_web_app\\vendor\\laravel\\framework\\src\\Illuminate\\Foundation\\Http\\Middleware\\VerifyCsrfToken.php(75): Illuminate\\Routing\\Pipeline->Illuminate\\Routing\\{closure}(Object(Illuminate\\Http\\Request))
#20 D:\\project\\glam_touch_web_app\\vendor\\laravel\\framework\\src\\Illuminate\\Pipeline\\Pipeline.php(163): Illuminate\\Foundation\\Http\\Middleware\\VerifyCsrfToken->handle(Object(Illuminate\\Http\\Request), Object(Closure))
#21 D:\\project\\glam_touch_web_app\\vendor\\laravel\\framework\\src\\Illuminate\\Routing\\Pipeline.php(53): Illuminate\\Pipeline\\Pipeline->Illuminate\\Pipeline\\{closure}(Object(Illuminate\\Http\\Request))
#22 D:\\project\\glam_touch_web_app\\vendor\\laravel\\framework\\src\\Illuminate\\View\\Middleware\\ShareErrorsFromSession.php(49): Illuminate\\Routing\\Pipeline->Illuminate\\Routing\\{closure}(Object(Illuminate\\Http\\Request))
#23 D:\\project\\glam_touch_web_app\\vendor\\laravel\\framework\\src\\Illuminate\\Pipeline\\Pipeline.php(163): Illuminate\\View\\Middleware\\ShareErrorsFromSession->handle(Object(Illuminate\\Http\\Request), Object(Closure))
#24 D:\\project\\glam_touch_web_app\\vendor\\laravel\\framework\\src\\Illuminate\\Routing\\Pipeline.php(53): Illuminate\\Pipeline\\Pipeline->Illuminate\\Pipeline\\{closure}(Object(Illuminate\\Http\\Request))
#25 D:\\project\\glam_touch_web_app\\vendor\\laravel\\framework\\src\\Illuminate\\Session\\Middleware\\StartSession.php(56): Illuminate\\Routing\\Pipeline->Illuminate\\Routing\\{closure}(Object(Illuminate\\Http\\Request))
#26 D:\\project\\glam_touch_web_app\\vendor\\laravel\\framework\\src\\Illuminate\\Pipeline\\Pipeline.php(163): Illuminate\\Session\\Middleware\\StartSession->handle(Object(Illuminate\\Http\\Request), Object(Closure))
#27 D:\\project\\glam_touch_web_app\\vendor\\laravel\\framework\\src\\Illuminate\\Routing\\Pipeline.php(53): Illuminate\\Pipeline\\Pipeline->Illuminate\\Pipeline\\{closure}(Object(Illuminate\\Http\\Request))
#28 D:\\project\\glam_touch_web_app\\vendor\\laravel\\framework\\src\\Illuminate\\Cookie\\Middleware\\AddQueuedCookiesToResponse.php(37): Illuminate\\Routing\\Pipeline->Illuminate\\Routing\\{closure}(Object(Illuminate\\Http\\Request))
#29 D:\\project\\glam_touch_web_app\\vendor\\laravel\\framework\\src\\Illuminate\\Pipeline\\Pipeline.php(163): Illuminate\\Cookie\\Middleware\\AddQueuedCookiesToResponse->handle(Object(Illuminate\\Http\\Request), Object(Closure))
#30 D:\\project\\glam_touch_web_app\\vendor\\laravel\\framework\\src\\Illuminate\\Routing\\Pipeline.php(53): Illuminate\\Pipeline\\Pipeline->Illuminate\\Pipeline\\{closure}(Object(Illuminate\\Http\\Request))
#31 D:\\project\\glam_touch_web_app\\vendor\\laravel\\framework\\src\\Illuminate\\Cookie\\Middleware\\EncryptCookies.php(66): Illuminate\\Routing\\Pipeline->Illuminate\\Routing\\{closure}(Object(Illuminate\\Http\\Request))
#32 D:\\project\\glam_touch_web_app\\vendor\\laravel\\framework\\src\\Illuminate\\Pipeline\\Pipeline.php(163): Illuminate\\Cookie\\Middleware\\EncryptCookies->handle(Object(Illuminate\\Http\\Request), Object(Closure))
#33 D:\\project\\glam_touch_web_app\\vendor\\laravel\\framework\\src\\Illuminate\\Routing\\Pipeline.php(53): Illuminate\\Pipeline\\Pipeline->Illuminate\\Pipeline\\{closure}(Object(Illuminate\\Http\\Request))
#34 D:\\project\\glam_touch_web_app\\vendor\\laravel\\framework\\src\\Illuminate\\Pipeline\\Pipeline.php(104): Illuminate\\Routing\\Pipeline->Illuminate\\Routing\\{closure}(Object(Illuminate\\Http\\Request))
#35 D:\\project\\glam_touch_web_app\\vendor\\laravel\\framework\\src\\Illuminate\\Routing\\Router.php(682): Illuminate\\Pipeline\\Pipeline->then(Object(Closure))
#36 D:\\project\\glam_touch_web_app\\vendor\\laravel\\framework\\src\\Illuminate\\Routing\\Router.php(657): Illuminate\\Routing\\Router->runRouteWithinStack(Object(Illuminate\\Routing\\Route), Object(Illuminate\\Http\\Request))
#37 D:\\project\\glam_touch_web_app\\vendor\\laravel\\framework\\src\\Illuminate\\Routing\\Router.php(623): Illuminate\\Routing\\Router->runRoute(Object(Illuminate\\Http\\Request), Object(Illuminate\\Routing\\Route))
#38 D:\\project\\glam_touch_web_app\\vendor\\laravel\\framework\\src\\Illuminate\\Routing\\Router.php(612): Illuminate\\Routing\\Router->dispatchToRoute(Object(Illuminate\\Http\\Request))
#39 D:\\project\\glam_touch_web_app\\vendor\\laravel\\framework\\src\\Illuminate\\Foundation\\Http\\Kernel.php(176): Illuminate\\Routing\\Router->dispatch(Object(Illuminate\\Http\\Request))
#40 D:\\project\\glam_touch_web_app\\vendor\\laravel\\framework\\src\\Illuminate\\Routing\\Pipeline.php(30): Illuminate\\Foundation\\Http\\Kernel->Illuminate\\Foundation\\Http\\{closure}(Object(Illuminate\\Http\\Request))
#41 D:\\project\\glam_touch_web_app\\vendor\\laravel\\framework\\src\\Illuminate\\Foundation\\Http\\Middleware\\TransformsRequest.php(21): Illuminate\\Routing\\Pipeline->Illuminate\\Routing\\{closure}(Object(Illuminate\\Http\\Request))
#42 D:\\project\\glam_touch_web_app\\vendor\\laravel\\framework\\src\\Illuminate\\Pipeline\\Pipeline.php(163): Illuminate\\Foundation\\Http\\Middleware\\TransformsRequest->handle(Object(Illuminate\\Http\\Request), Object(Closure))
#43 D:\\project\\glam_touch_web_app\\vendor\\laravel\\framework\\src\\Illuminate\\Routing\\Pipeline.php(53): Illuminate\\Pipeline\\Pipeline->Illuminate\\Pipeline\\{closure}(Object(Illuminate\\Http\\Request))
#44 D:\\project\\glam_touch_web_app\\vendor\\laravel\\framework\\src\\Illuminate\\Foundation\\Http\\Middleware\\TransformsRequest.php(21): Illuminate\\Routing\\Pipeline->Illuminate\\Routing\\{closure}(Object(Illuminate\\Http\\Request))
#45 D:\\project\\glam_touch_web_app\\vendor\\laravel\\framework\\src\\Illuminate\\Pipeline\\Pipeline.php(163): Illuminate\\Foundation\\Http\\Middleware\\TransformsRequest->handle(Object(Illuminate\\Http\\Request), Object(Closure))
#46 D:\\project\\glam_touch_web_app\\vendor\\laravel\\framework\\src\\Illuminate\\Routing\\Pipeline.php(53): Illuminate\\Pipeline\\Pipeline->Illuminate\\Pipeline\\{closure}(Object(Illuminate\\Http\\Request))
#47 D:\\project\\glam_touch_web_app\\vendor\\laravel\\framework\\src\\Illuminate\\Foundation\\Http\\Middleware\\ValidatePostSize.php(27): Illuminate\\Routing\\Pipeline->Illuminate\\Routing\\{closure}(Object(Illuminate\\Http\\Request))
#48 D:\\project\\glam_touch_web_app\\vendor\\laravel\\framework\\src\\Illuminate\\Pipeline\\Pipeline.php(163): Illuminate\\Foundation\\Http\\Middleware\\ValidatePostSize->handle(Object(Illuminate\\Http\\Request), Object(Closure))
#49 D:\\project\\glam_touch_web_app\\vendor\\laravel\\framework\\src\\Illuminate\\Routing\\Pipeline.php(53): Illuminate\\Pipeline\\Pipeline->Illuminate\\Pipeline\\{closure}(Object(Illuminate\\Http\\Request))
#50 D:\\project\\glam_touch_web_app\\vendor\\laravel\\framework\\src\\Illuminate\\Foundation\\Http\\Middleware\\CheckForMaintenanceMode.php(62): Illuminate\\Routing\\Pipeline->Illuminate\\Routing\\{closure}(Object(Illuminate\\Http\\Request))
#51 D:\\project\\glam_touch_web_app\\vendor\\laravel\\framework\\src\\Illuminate\\Pipeline\\Pipeline.php(163): Illuminate\\Foundation\\Http\\Middleware\\CheckForMaintenanceMode->handle(Object(Illuminate\\Http\\Request), Object(Closure))
#52 D:\\project\\glam_touch_web_app\\vendor\\laravel\\framework\\src\\Illuminate\\Routing\\Pipeline.php(53): Illuminate\\Pipeline\\Pipeline->Illuminate\\Pipeline\\{closure}(Object(Illuminate\\Http\\Request))
#53 D:\\project\\glam_touch_web_app\\vendor\\fideloper\\proxy\\src\\TrustProxies.php(57): Illuminate\\Routing\\Pipeline->Illuminate\\Routing\\{closure}(Object(Illuminate\\Http\\Request))
#54 D:\\project\\glam_touch_web_app\\vendor\\laravel\\framework\\src\\Illuminate\\Pipeline\\Pipeline.php(163): Fideloper\\Proxy\\TrustProxies->handle(Object(Illuminate\\Http\\Request), Object(Closure))
#55 D:\\project\\glam_touch_web_app\\vendor\\laravel\\framework\\src\\Illuminate\\Routing\\Pipeline.php(53): Illuminate\\Pipeline\\Pipeline->Illuminate\\Pipeline\\{closure}(Object(Illuminate\\Http\\Request))
#56 D:\\project\\glam_touch_web_app\\vendor\\fruitcake\\laravel-cors\\src\\HandleCors.php(37): Illuminate\\Routing\\Pipeline->Illuminate\\Routing\\{closure}(Object(Illuminate\\Http\\Request))
#57 D:\\project\\glam_touch_web_app\\vendor\\laravel\\framework\\src\\Illuminate\\Pipeline\\Pipeline.php(163): Fruitcake\\Cors\\HandleCors->handle(Object(Illuminate\\Http\\Request), Object(Closure))
#58 D:\\project\\glam_touch_web_app\\vendor\\laravel\\framework\\src\\Illuminate\\Routing\\Pipeline.php(53): Illuminate\\Pipeline\\Pipeline->Illuminate\\Pipeline\\{closure}(Object(Illuminate\\Http\\Request))
#59 D:\\project\\glam_touch_web_app\\vendor\\laravel\\framework\\src\\Illuminate\\Pipeline\\Pipeline.php(104): Illuminate\\Routing\\Pipeline->Illuminate\\Routing\\{closure}(Object(Illuminate\\Http\\Request))
#60 D:\\project\\glam_touch_web_app\\vendor\\laravel\\framework\\src\\Illuminate\\Foundation\\Http\\Kernel.php(151): Illuminate\\Pipeline\\Pipeline->then(Object(Closure))
#61 D:\\project\\glam_touch_web_app\\vendor\\laravel\\framework\\src\\Illuminate\\Foundation\\Http\\Kernel.php(116): Illuminate\\Foundation\\Http\\Kernel->sendRequestThroughRouter(Object(Illuminate\\Http\\Request))
#62 D:\\project\\glam_touch_web_app\\public\\index.php(52): Illuminate\\Foundation\\Http\\Kernel->handle(Object(Illuminate\\Http\\Request))
#63 D:\\project\\glam_touch_web_app\\server.php(21): require_once('D:\\\\project\\\\glam...')
#64 {main}
"} 
[2022-03-19 11:06:37] laravel.INFO: {"error":"SQLSTATE[42S22]: Column not found: 1054 Unknown column 'specification' in 'field list' (SQL: update `products` set `name` = Laddies Collection, `sub_sub_category_id` = ?, `specification` = ?, `video_url` = ?, `seo_title` = ?, `seo_description` = ?, `size_chart` = images\/product_size_chart\/bzof6lNTUEB3conI4vKQt7WtD4l3AuPUAuGz2eRp.png, `products`.`updated_at` = 2022-03-19 11:06:36 where `id` = 14)","code":"42S22","url":"http:\/\/127.0.0.1:8000\/api\/update\/product\/basicInformation\/14","ip":"127.0.0.1","user":{"id":54,"name":"sufi","image":"images\/admin\/LYkrzKmhV7UNvP4uEMgRDkWYXhnlO2Ixxrugogyl.png","email":"s@admin.com","password":"$2y$10$\/3BPsXwWANWgyMSH1rNXv.zEwW017\/vwoNDadA.s6f.7zv9Gydp3e","remember_token":"","status":1,"last_login_time":"2022-03-19T05:02:21.606188Z","last_logout_time":"2021-09-03 11:54:30","created_at":"2020-11-07 16:42:19","updated_at":"2022-03-19 11:02:21","permissions":[{"id":1,"name":"View Role","guard_name":"admin","created_at":"2020-10-29 07:32:38","updated_at":"2020-10-29 07:32:38","pivot":{"model_id":54,"permission_id":1,"model_type":"App\\Models\\Admin"}},{"id":2,"name":"Add Role","guard_name":"admin","created_at":"2020-10-29 07:32:38","updated_at":"2020-10-29 07:32:38","pivot":{"model_id":54,"permission_id":2,"model_type":"App\\Models\\Admin"}},{"id":6,"name":"create order","guard_name":"admin","created_at":"2020-11-03 10:20:04","updated_at":"2020-11-03 10:20:04","pivot":{"model_id":54,"permission_id":6,"model_type":"App\\Models\\Admin"}},{"id":5,"name":"view dashboard","guard_name":"admin","created_at":"2020-11-03 10:20:04","updated_at":"2020-11-03 10:20:04","pivot":{"model_id":54,"permission_id":5,"model_type":"App\\Models\\Admin"}},{"id":37,"name":"manage carieer","guard_name":"admin","created_at":"2020-11-03 10:59:01","updated_at":"2020-11-03 10:59:01","pivot":{"model_id":54,"permission_id":37,"model_type":"App\\Models\\Admin"}},{"id":33,"name":"manage customers","guard_name":"admin","created_at":"2020-11-03 10:20:05","updated_at":"2020-11-03 10:20:05","pivot":{"model_id":54,"permission_id":33,"model_type":"App\\Models\\Admin"}},{"id":27,"name":"create and manage slider","guard_name":"admin","created_at":"2020-11-03 10:20:04","updated_at":"2020-11-03 10:20:04","pivot":{"model_id":54,"permission_id":27,"model_type":"App\\Models\\Admin"}},{"id":23,"name":"create attribute","guard_name":"admin","created_at":"2020-11-03 10:20:04","updated_at":"2020-11-03 10:20:04","pivot":{"model_id":54,"permission_id":23,"model_type":"App\\Models\\Admin"}},{"id":19,"name":"edit credit","guard_name":"admin","created_at":"2020-11-03 10:20:04","updated_at":"2020-11-03 10:20:04","pivot":{"model_id":54,"permission_id":19,"model_type":"App\\Models\\Admin"}},{"id":20,"name":"create debit","guard_name":"admin","created_at":"2020-11-03 10:20:04","updated_at":"2020-11-03 10:20:04","pivot":{"model_id":54,"permission_id":20,"model_type":"App\\Models\\Admin"}},{"id":24,"name":"manage attribute","guard_name":"admin","created_at":"2020-11-03 10:20:04","updated_at":"2020-11-03 10:20:04","pivot":{"model_id":54,"permission_id":24,"model_type":"App\\Models\\Admin"}},{"id":28,"name":"create and manage merchant","guard_name":"admin","created_at":"2020-11-03 10:20:04","updated_at":"2020-11-03 10:20:04","pivot":{"model_id":54,"permission_id":28,"model_type":"App\\Models\\Admin"}},{"id":34,"name":"manage reports","guard_name":"admin","created_at":"2020-11-03 10:20:05","updated_at":"2020-11-03 10:20:05","pivot":{"model_id":54,"permission_id":34,"model_type":"App\\Models\\Admin"}},{"id":38,"name":"manage wholessale","guard_name":"admin","created_at":"2020-11-21 19:04:01","updated_at":"2020-11-21 19:04:01","pivot":{"model_id":54,"permission_id":38,"model_type":"App\\Models\\Admin"}},{"id":35,"name":"manage basic set up","guard_name":"admin","created_at":"2020-11-03 10:20:05","updated_at":"2020-11-03 10:20:05","pivot":{"model_id":54,"permission_id":35,"model_type":"App\\Models\\Admin"}},{"id":31,"name":"manage team","guard_name":"admin","created_at":"2020-11-03 10:20:05","updated_at":"2020-11-03 10:20:05","pivot":{"model_id":54,"permission_id":31,"model_type":"App\\Models\\Admin"}},{"id":29,"name":"create reseller","guard_name":"admin","created_at":"2020-11-03 10:20:04","updated_at":"2020-11-03 10:20:04","pivot":{"model_id":54,"permission_id":29,"model_type":"App\\Models\\Admin"}},{"id":25,"name":"create supplier","guard_name":"admin","created_at":"2020-11-03 10:20:04","updated_at":"2020-11-03 10:20:04","pivot":{"model_id":54,"permission_id":25,"model_type":"App\\Models\\Admin"}},{"id":21,"name":"delete debit","guard_name":"admin","created_at":"2020-11-03 10:20:04","updated_at":"2020-11-03 10:20:04","pivot":{"model_id":54,"permission_id":21,"model_type":"App\\Models\\Admin"}},{"id":26,"name":"manage supplier","guard_name":"admin","created_at":"2020-11-03 10:20:04","updated_at":"2020-11-03 10:20:04","pivot":{"model_id":54,"permission_id":26,"model_type":"App\\Models\\Admin"}},{"id":30,"name":"manage reseller","guard_name":"admin","created_at":"2020-11-03 10:20:05","updated_at":"2020-11-03 10:20:05","pivot":{"model_id":54,"permission_id":30,"model_type":"App\\Models\\Admin"}},{"id":32,"name":"manage users","guard_name":"admin","created_at":"2020-11-03 10:20:05","updated_at":"2020-11-03 10:20:05","pivot":{"model_id":54,"permission_id":32,"model_type":"App\\Models\\Admin"}},{"id":36,"name":"manage admin","guard_name":"admin","created_at":"2020-11-03 10:59:01","updated_at":"2020-11-03 10:59:01","pivot":{"model_id":54,"permission_id":36,"model_type":"App\\Models\\Admin"}},{"id":22,"name":"edit debit","guard_name":"admin","created_at":"2020-11-03 10:20:04","updated_at":"2020-11-03 10:20:04","pivot":{"model_id":54,"permission_id":22,"model_type":"App\\Models\\Admin"}},{"id":18,"name":"delete credit","guard_name":"admin","created_at":"2020-11-03 10:20:04","updated_at":"2020-11-03 10:20:04","pivot":{"model_id":54,"permission_id":18,"model_type":"App\\Models\\Admin"}},{"id":17,"name":"create credit","guard_name":"admin","created_at":"2020-11-03 10:20:04","updated_at":"2020-11-03 10:20:04","pivot":{"model_id":54,"permission_id":17,"model_type":"App\\Models\\Admin"}},{"id":13,"name":"manage product","guard_name":"admin","created_at":"2020-11-03 10:20:04","updated_at":"2020-11-03 10:20:04","pivot":{"model_id":54,"permission_id":13,"model_type":"App\\Models\\Admin"}},{"id":9,"name":"manage Sale","guard_name":"admin","created_at":"2020-11-03 10:20:04","updated_at":"2020-11-03 10:20:04","pivot":{"model_id":54,"permission_id":9,"model_type":"App\\Models\\Admin"}},{"id":8,"name":"create Sale","guard_name":"admin","created_at":"2020-11-03 10:20:04","updated_at":"2020-11-03 10:20:04","pivot":{"model_id":54,"permission_id":8,"model_type":"App\\Models\\Admin"}},{"id":4,"name":"Edit Role","guard_name":"admin","created_at":"2020-10-29 07:32:38","updated_at":"2020-10-29 07:32:38","pivot":{"model_id":54,"permission_id":4,"model_type":"App\\Models\\Admin"}},{"id":3,"name":"Delete Role","guard_name":"admin","created_at":"2020-10-29 07:32:38","updated_at":"2020-10-29 07:32:38","pivot":{"model_id":54,"permission_id":3,"model_type":"App\\Models\\Admin"}},{"id":7,"name":"manage Order","guard_name":"admin","created_at":"2020-11-03 10:20:04","updated_at":"2020-11-03 10:20:04","pivot":{"model_id":54,"permission_id":7,"model_type":"App\\Models\\Admin"}},{"id":12,"name":"create product","guard_name":"admin","created_at":"2020-11-03 10:20:04","updated_at":"2020-11-03 10:20:04","pivot":{"model_id":54,"permission_id":12,"model_type":"App\\Models\\Admin"}},{"id":16,"name":"Manage accounts","guard_name":"admin","created_at":"2020-11-03 10:20:04","updated_at":"2020-11-03 10:20:04","pivot":{"model_id":54,"permission_id":16,"model_type":"App\\Models\\Admin"}},{"id":15,"name":"manage category","guard_name":"admin","created_at":"2020-11-03 10:20:04","updated_at":"2020-11-03 10:20:04","pivot":{"model_id":54,"permission_id":15,"model_type":"App\\Models\\Admin"}},{"id":11,"name":"manage purchase","guard_name":"admin","created_at":"2020-11-03 10:20:04","updated_at":"2020-11-03 10:20:04","pivot":{"model_id":54,"permission_id":11,"model_type":"App\\Models\\Admin"}},{"id":10,"name":"create purchase","guard_name":"admin","created_at":"2020-11-03 10:20:04","updated_at":"2020-11-03 10:20:04","pivot":{"model_id":54,"permission_id":10,"model_type":"App\\Models\\Admin"}},{"id":14,"name":"create category","guard_name":"admin","created_at":"2020-11-03 10:20:04","updated_at":"2020-11-03 10:20:04","pivot":{"model_id":54,"permission_id":14,"model_type":"App\\Models\\Admin"}},{"id":39,"name":"Showroom Controller","guard_name":"admin","created_at":"2021-07-16 01:14:05","updated_at":null,"pivot":{"model_id":54,"permission_id":39,"model_type":"App\\Models\\Admin"}}]}}  
